<?xml version="1.0" encoding="UTF-8"?>
<!-- Generated by org.testng.reporters.JUnitReportReporter -->
<testsuite skipped="0" hostname="ind643.local" name="com.sntf.steps.BARCodeGenerator" tests="1" failures="0" timestamp="31 May 2019 14:56:39 GMT" time="0.505" errors="0">
  <testcase name="BAR_Code_Generator" time="0.505" classname="com.sntf.steps.BARCodeGenerator"/>
</testsuite> <!-- com.sntf.steps.BARCodeGenerator -->
