<?xml version="1.0" encoding="UTF-8"?>
<!-- Generated by org.testng.reporters.JUnitReportReporter -->
<testsuite skipped="0" hostname="ind643.local" name="com.sntf.steps.ReadQRCode" tests="2" failures="0" timestamp="03 Jun 2019 07:08:02 GMT" time="0.634" errors="0">
  <testcase name="SingleQRReader" time="0.553" classname="com.sntf.steps.ReadQRCode"/>
  <testcase name="MultipleQRReader" time="0.081" classname="com.sntf.steps.ReadQRCode"/>
</testsuite> <!-- com.sntf.steps.ReadQRCode -->
