<?xml version="1.0" encoding="UTF-8"?>
<!-- Generated by org.testng.reporters.JUnitReportReporter -->
<testsuite skipped="0" hostname="ind643.local" name="com.sntf.steps.Frontloginsteps" tests="4" failures="0" timestamp="03 Apr 2019 11:57:20 GMT" time="45.890" errors="0">
  <testcase name="empty_Credentials_Login" time="9.616" classname="com.sntf.steps.Frontloginsteps"/>
  <testcase name="invalid_Password" time="11.431" classname="com.sntf.steps.Frontloginsteps"/>
  <testcase name="invalid_Username" time="12.332" classname="com.sntf.steps.Frontloginsteps"/>
  <testcase name="ValidUser" time="12.511" classname="com.sntf.steps.Frontloginsteps"/>
</testsuite> <!-- com.sntf.steps.Frontloginsteps -->
