<?xml version="1.0" encoding="UTF-8"?>
<!-- Generated by org.testng.reporters.JUnitReportReporter -->
<testsuite skipped="0" hostname="ind643.local" name="com.sntf.steps.BARCodeReader" tests="2" failures="0" timestamp="03 Jun 2019 06:44:52 GMT" time="0.570" errors="0">
  <testcase name="MultipleBarCodeReader" time="0.566" classname="com.sntf.steps.BARCodeReader"/>
  <testcase name="SingleBarCodeReader" time="0.004" classname="com.sntf.steps.BARCodeReader"/>
</testsuite> <!-- com.sntf.steps.BARCodeReader -->
