<?xml version="1.0" encoding="UTF-8"?>
<!-- Generated by org.testng.reporters.JUnitReportReporter -->
<testsuite skipped="0" hostname="ind643.local" name="com.sntf.steps.Frontloginsteps" tests="4" failures="0" timestamp="03 Apr 2019 10:52:03 GMT" time="47.198" errors="0">
  <testcase name="empty_Credentials_Login" time="9.083" classname="com.sntf.steps.Frontloginsteps"/>
  <testcase name="invalid_Password" time="12.924" classname="com.sntf.steps.Frontloginsteps"/>
  <testcase name="invalid_Username" time="13.039" classname="com.sntf.steps.Frontloginsteps"/>
  <testcase name="ValidUser" time="12.152" classname="com.sntf.steps.Frontloginsteps"/>
</testsuite> <!-- com.sntf.steps.Frontloginsteps -->
