<?xml version="1.0" encoding="UTF-8"?>
<!-- Generated by org.testng.reporters.JUnitReportReporter -->
<testsuite skipped="0" hostname="ind643.local" name="com.sntf.steps.DatabaseTesting" tests="4" failures="0" timestamp="29 Mar 2019 08:02:16 GMT" time="0.046" errors="0">
  <testcase name="Insert_Query" time="0.019" classname="com.sntf.steps.DatabaseTesting"/>
  <testcase name="Select_query" time="0.004" classname="com.sntf.steps.DatabaseTesting"/>
  <testcase name="Update_query" time="0.018" classname="com.sntf.steps.DatabaseTesting"/>
  <testcase name="Delete_query" time="0.005" classname="com.sntf.steps.DatabaseTesting"/>
</testsuite> <!-- com.sntf.steps.DatabaseTesting -->
