<?xml version="1.0" encoding="UTF-8"?>
<!-- Generated by org.testng.reporters.JUnitReportReporter -->
<testsuite skipped="0" hostname="ind643.local" name="com.sntf.steps.Product_Purchase" tests="1" failures="0" timestamp="03 Apr 2019 10:52:03 GMT" time="28.880" errors="0">
  <testcase name="Wipeup" time="28.880" classname="com.sntf.steps.Product_Purchase"/>
</testsuite> <!-- com.sntf.steps.Product_Purchase -->
