<?xml version="1.0" encoding="UTF-8"?>
<!-- Generated by org.testng.reporters.JUnitReportReporter -->
<testsuite skipped="0" hostname="ind643.local" name="com.sntf.steps.Frontloginsteps" tests="4" failures="0" timestamp="30 Jul 2019 12:57:04 GMT" time="47.706" errors="0">
  <testcase name="empty_Credentials_Login" time="10.826" classname="com.sntf.steps.Frontloginsteps"/>
  <testcase name="invalid_Password" time="12.598" classname="com.sntf.steps.Frontloginsteps"/>
  <testcase name="invalid_Username" time="11.182" classname="com.sntf.steps.Frontloginsteps"/>
  <testcase name="ValidUser" time="13.100" classname="com.sntf.steps.Frontloginsteps"/>
</testsuite> <!-- com.sntf.steps.Frontloginsteps -->
