<?xml version="1.0" encoding="UTF-8"?>
<!-- Generated by org.testng.reporters.JUnitReportReporter -->
<testsuite skipped="0" hostname="ind643.local" name="com.sntf.steps.DatabaseTesting" tests="4" failures="0" timestamp="03 Apr 2019 11:57:20 GMT" time="0.153" errors="0">
  <testcase name="Insert_Query" time="0.127" classname="com.sntf.steps.DatabaseTesting"/>
  <testcase name="Select_query" time="0.009" classname="com.sntf.steps.DatabaseTesting"/>
  <testcase name="Update_query" time="0.010" classname="com.sntf.steps.DatabaseTesting"/>
  <testcase name="Delete_query" time="0.007" classname="com.sntf.steps.DatabaseTesting"/>
</testsuite> <!-- com.sntf.steps.DatabaseTesting -->
