<?xml version="1.0" encoding="UTF-8"?>
<!-- Generated by org.testng.reporters.JUnitReportReporter -->
<testsuite skipped="0" hostname="ind643.local" name="com.sntf.steps.Frontloginsteps" tests="4" failures="0" timestamp="03 Apr 2019 07:37:17 GMT" time="54.161" errors="0">
  <testcase name="empty_Credentials_Login" time="15.675" classname="com.sntf.steps.Frontloginsteps"/>
  <testcase name="invalid_Password" time="11.000" classname="com.sntf.steps.Frontloginsteps"/>
  <testcase name="invalid_Username" time="15.899" classname="com.sntf.steps.Frontloginsteps"/>
  <testcase name="ValidUser" time="11.587" classname="com.sntf.steps.Frontloginsteps"/>
</testsuite> <!-- com.sntf.steps.Frontloginsteps -->
