<?xml version="1.0" encoding="UTF-8"?>
<!-- Generated by org.testng.reporters.JUnitReportReporter -->
<testsuite skipped="0" hostname="ind643.local" name="com.sntf.steps.Waitlist_steps" tests="1" failures="0" timestamp="19 Mar 2019 11:42:43 GMT" time="8.829" errors="0">
  <testcase name="ValidationChecker" time="8.829" classname="com.sntf.steps.Waitlist_steps"/>
</testsuite> <!-- com.sntf.steps.Waitlist_steps -->
