<?xml version="1.0" encoding="UTF-8"?>
<!-- Generated by org.testng.reporters.JUnitReportReporter -->
<testsuite skipped="0" hostname="ind643.local" name="com.sntf.steps.Frontloginsteps" tests="4" failures="0" timestamp="27 Mar 2019 13:54:09 GMT" time="49.699" errors="0">
  <testcase name="empty_Credentials_Login" time="10.720" classname="com.sntf.steps.Frontloginsteps"/>
  <testcase name="invalid_Password" time="13.516" classname="com.sntf.steps.Frontloginsteps"/>
  <testcase name="invalid_Username" time="11.829" classname="com.sntf.steps.Frontloginsteps"/>
  <testcase name="ValidUser" time="13.634" classname="com.sntf.steps.Frontloginsteps"/>
</testsuite> <!-- com.sntf.steps.Frontloginsteps -->
