<?xml version="1.0" encoding="UTF-8"?>
<!-- Generated by org.testng.reporters.JUnitReportReporter -->
<testsuite skipped="0" hostname="ind643.local" name="com.sntf.steps.QRCodeGenerator" tests="1" failures="0" timestamp="31 May 2019 14:18:28 GMT" time="0.583" errors="0">
  <testcase name="generateQRCODE" time="0.583" classname="com.sntf.steps.QRCodeGenerator"/>
</testsuite> <!-- com.sntf.steps.QRCodeGenerator -->
