<?xml version="1.0" encoding="UTF-8"?>
<!-- Generated by org.testng.reporters.JUnitReportReporter -->
<testsuite skipped="0" hostname="ind643.local" name="com.sntf.steps.ReadQRCode" tests="2" failures="0" timestamp="04 Jun 2019 12:47:28 GMT" time="0.680" errors="0">
  <testcase name="SingleQRReader" time="0.578" classname="com.sntf.steps.ReadQRCode"/>
  <testcase name="MultipleQRReader" time="0.102" classname="com.sntf.steps.ReadQRCode"/>
</testsuite> <!-- com.sntf.steps.ReadQRCode -->
