<?xml version="1.0" encoding="UTF-8"?>
<!-- Generated by org.testng.reporters.JUnitReportReporter -->
<testsuite skipped="0" hostname="ind643.local" name="com.sntf.steps.Product_Purchase" tests="1" failures="0" timestamp="29 Mar 2019 13:18:55 GMT" time="31.206" errors="0">
  <testcase name="Wipeup" time="31.206" classname="com.sntf.steps.Product_Purchase"/>
</testsuite> <!-- com.sntf.steps.Product_Purchase -->
