<?xml version="1.0" encoding="UTF-8"?>
<!-- Generated by org.testng.reporters.JUnitReportReporter -->
<testsuite skipped="0" hostname="ind643.local" name="com.sntf.steps.ReadQRCode" tests="2" failures="0" timestamp="31 May 2019 14:47:45 GMT" time="0.643" errors="0">
  <testcase name="SingleQRReader" time="0.613" classname="com.sntf.steps.ReadQRCode"/>
  <testcase name="MultipleQRReader" time="0.030" classname="com.sntf.steps.ReadQRCode"/>
</testsuite> <!-- com.sntf.steps.ReadQRCode -->
