<?xml version="1.0" encoding="UTF-8"?>
<!-- Generated by org.testng.reporters.JUnitReportReporter -->
<testsuite skipped="0" hostname="ind643.local" name="com.sntf.steps.loginsteps" tests="1" failures="0" timestamp="07 Jan 2019 06:37:31 GMT" time="12.383" errors="0">
  <testcase name="checkValidUser" time="12.383" classname="com.sntf.steps.loginsteps"/>
</testsuite> <!-- com.sntf.steps.loginsteps -->
